<?xml version="1.0" encoding="UTF-8"?>
<!-- Generated by org.testng.reporters.JUnitReportReporter -->
<testsuite skipped="0" hostname="DESKTOP-RHSOGPM" name="com.MavenFirstProject.LoginTest" tests="2" failures="0" timestamp="23 Dec 2020 03:19:36 GMT" time="2.467" errors="0">
  <testcase name="test" time="1.929" classname="com.MavenFirstProject.LoginTest"/>
  <testcase name="logoTest" time="0.538" classname="com.MavenFirstProject.LoginTest"/>
</testsuite> <!-- com.MavenFirstProject.LoginTest -->
