<?xml version="1.0" encoding="UTF-8"?>
<!-- Generated by org.testng.reporters.JUnitReportReporter -->
<testsuite skipped="0" hostname="DESKTOP-RHSOGPM" name="com.MavenFirstProject.POI_Read" tests="1" failures="0" timestamp="16 Dec 2020 03:45:09 GMT" time="0.642" errors="0">
  <testcase name="test01" time="0.642" classname="com.MavenFirstProject.POI_Read"/>
</testsuite> <!-- com.MavenFirstProject.POI_Read -->
