<?xml version="1.0" encoding="UTF-8"?>
<!-- Generated by org.testng.reporters.JUnitReportReporter -->
<testsuite skipped="0" hostname="DESKTOP-RHSOGPM" name="com.MavenFirstProject.Demo2" tests="3" failures="0" timestamp="23 Dec 2020 02:47:57 GMT" time="3.271" errors="0">
  <testcase name="test" time="2.962" classname="com.MavenFirstProject.Demo2"/>
  <testcase name="verifyCource" time="0.194" classname="com.MavenFirstProject.Demo2"/>
  <testcase name="logoTest" time="0.115" classname="com.MavenFirstProject.Demo2"/>
</testsuite> <!-- com.MavenFirstProject.Demo2 -->
