<?xml version="1.0" encoding="UTF-8"?>
<!-- Generated by org.testng.reporters.JUnitReportReporter -->
<testsuite skipped="0" hostname="DESKTOP-RHSOGPM" name="com.MavenFirstProject.DashboardTest" tests="1" failures="0" timestamp="09 Jan 2021 16:41:10 GMT" time="0.225" errors="0">
  <testcase name="verifyCource" time="0.225" classname="com.MavenFirstProject.DashboardTest"/>
</testsuite> <!-- com.MavenFirstProject.DashboardTest -->
