<?xml version="1.0" encoding="UTF-8"?>
<!-- Generated by org.testng.reporters.JUnitReportReporter -->
<testsuite skipped="0" hostname="DESKTOP-RHSOGPM" name="com.MavenFirstProject.LoginTest" tests="2" failures="0" timestamp="09 Jan 2021 16:41:10 GMT" time="7.322" errors="0">
  <testcase name="test" time="7.173" classname="com.MavenFirstProject.LoginTest"/>
  <testcase name="logoTest" time="0.149" classname="com.MavenFirstProject.LoginTest"/>
</testsuite> <!-- com.MavenFirstProject.LoginTest -->
